<?xml version="1.0" encoding="UTF-8"?>
<!-- Generated by org.testng.reporters.JUnitReportReporter -->
<testsuite hostname="BLRSFLT143" failures="0" tests="1" name="Mainclass.KTM" time="29.581" errors="0" timestamp="2024-04-29T13:26:37 IST" skipped="0">
  <testcase classname="Mainclass.KTM" name="Loginpage" time="29.581"/>
  <system-out/>
</testsuite> <!-- Mainclass.KTM -->
