<?xml version="1.0" encoding="UTF-8"?>
<!-- Generated by org.testng.reporters.JUnitReportReporter -->
<testsuite hostname="BLRSFLT143" failures="0" tests="1" name="Mainclass.Loginpagemainpage" time="10.096" errors="0" timestamp="2024-05-08T17:07:27 IST" skipped="0">
  <testcase classname="Mainclass.Loginpagemainpage" name="sparePartCatalogue" time="10.096"/>
  <system-out/>
</testsuite> <!-- Mainclass.Loginpagemainpage -->
